<?xml version="1.0" encoding="UTF-8"?>
<testsuite name="MainTest" tests="4" skipped="0" failures="0" errors="0" timestamp="2024-04-17T20:49:00" hostname="DESKTOP-A97GDF4" time="0.004">
  <properties/>
  <testcase name="catTest" classname="MainTest" time="0.004"/>
  <testcase name="animalTes" classname="MainTest" time="0.0"/>
  <testcase name="dogTest" classname="MainTest" time="0.0"/>
  <testcase name="duckTest" classname="MainTest" time="0.0"/>
  <system-out><![CDATA[]]></system-out>
  <system-err><![CDATA[]]></system-err>
</testsuite>
