<?xml version="1.0" encoding="UTF-8"?>
<testsuite name="MainTest" tests="3" skipped="0" failures="0" errors="0" timestamp="2024-04-17T15:06:05" hostname="DESKTOP-A97GDF4" time="0.007">
  <properties/>
  <testcase name="testCheckingAccountClass" classname="MainTest" time="0.007"/>
  <testcase name="testSavingsAccountClass" classname="MainTest" time="0.0"/>
  <testcase name="testBackAccountClass" classname="MainTest" time="0.0"/>
  <system-out><![CDATA[]]></system-out>
  <system-err><![CDATA[]]></system-err>
</testsuite>
