<?xml version="1.0" encoding="UTF-8"?>
<testsuite name="EmployeeTest" tests="3" skipped="0" failures="0" errors="0" timestamp="2024-04-17T16:25:28" hostname="DESKTOP-A97GDF4" time="0.012">
  <properties/>
  <testcase name="testDeveloperClass" classname="EmployeeTest" time="0.011"/>
  <testcase name="testEmployeeClass" classname="EmployeeTest" time="0.0"/>
  <testcase name="testDataAnalystClass" classname="EmployeeTest" time="0.0"/>
  <system-out><![CDATA[]]></system-out>
  <system-err><![CDATA[]]></system-err>
</testsuite>
