<?xml version="1.0" encoding="UTF-8"?>
<testsuite name="TriangleTest" tests="5" skipped="0" failures="0" errors="0" timestamp="2024-04-18T21:16:41" hostname="DESKTOP-A97GDF4" time="0.003">
  <properties/>
  <testcase name="testTriangleAreaWithZeroBase" classname="TriangleTest" time="0.001"/>
  <testcase name="testTriangleAreaWithZeroHeight" classname="TriangleTest" time="0.001"/>
  <testcase name="testTriangleArea" classname="TriangleTest" time="0.001"/>
  <testcase name="testTriangleAreaWithSmallValues" classname="TriangleTest" time="0.0"/>
  <testcase name="testTriangleAreaWithMaxValues" classname="TriangleTest" time="0.0"/>
  <system-out><![CDATA[]]></system-out>
  <system-err><![CDATA[]]></system-err>
</testsuite>
