<?xml version="1.0" encoding="UTF-8"?>
<testsuite name="SquareTest" tests="4" skipped="0" failures="0" errors="0" timestamp="2024-04-18T21:16:41" hostname="DESKTOP-A97GDF4" time="0.002">
  <properties/>
  <testcase name="testSquareAreaWithMaxSideLength" classname="SquareTest" time="0.001"/>
  <testcase name="testSquareAreaWithZeroSideLength" classname="SquareTest" time="0.0"/>
  <testcase name="testSquareAreaWithSmallSideLength" classname="SquareTest" time="0.0"/>
  <testcase name="testSquareArea" classname="SquareTest" time="0.001"/>
  <system-out><![CDATA[]]></system-out>
  <system-err><![CDATA[]]></system-err>
</testsuite>
