<?xml version="1.0" encoding="UTF-8"?>
<testsuite name="CircleTest" tests="5" skipped="0" failures="0" errors="0" timestamp="2024-04-18T21:16:41" hostname="DESKTOP-A97GDF4" time="0.002">
  <properties/>
  <testcase name="testCircleArea" classname="CircleTest" time="0.001"/>
  <testcase name="testCircleAreaWithMaxRadius" classname="CircleTest" time="0.001"/>
  <testcase name="testCircleAreaWithSmallRadius" classname="CircleTest" time="0.0"/>
  <testcase name="testCircleAreaWithMaxArea" classname="CircleTest" time="0.0"/>
  <testcase name="testCircleAreaWithZeroRadius" classname="CircleTest" time="0.0"/>
  <system-out><![CDATA[]]></system-out>
  <system-err><![CDATA[]]></system-err>
</testsuite>
