<?xml version="1.0" encoding="UTF-8"?>
<testsuite name="EmployeeTest" tests="3" skipped="0" failures="0" errors="0" timestamp="2024-04-17T16:30:04" hostname="DESKTOP-A97GDF4" time="0.01">
  <properties/>
  <testcase name="testEmployeeClass" classname="EmployeeTest" time="0.008"/>
  <testcase name="testContractEmployeeClass" classname="EmployeeTest" time="0.0"/>
  <testcase name="testRegularEmployeeClass" classname="EmployeeTest" time="0.001"/>
  <system-out><![CDATA[]]></system-out>
  <system-err><![CDATA[]]></system-err>
</testsuite>
